ImageProDemo/build/outputs/logs/manifest-merger-debug-report.txt
-- Merging decision tree log ---
manifest
ADDED from src\main\AndroidManifest.xml:2:1-30:12
	package
		ADDED from src\main\AndroidManifest.xml:3:11-49
		INJECTED from src\main\AndroidManifest.xml
		INJECTED from src\main\AndroidManifest.xml
	android:versionName
		ADDED from src\main\AndroidManifest.xml:5:11-37
		INJECTED from src\main\AndroidManifest.xml
		INJECTED from src\main\AndroidManifest.xml
	android:versionCode
		ADDED from src\main\AndroidManifest.xml:4:11-36
		INJECTED from src\main\AndroidManifest.xml
		INJECTED from src\main\AndroidManifest.xml
	xmlns:android
		ADDED from src\main\AndroidManifest.xml:2:11-69
application
ADDED from src\main\AndroidManifest.xml:7:5-21:19
	android:label
		ADDED from src\main\AndroidManifest.xml:8:9-41
	android:icon
		ADDED from src\main\AndroidManifest.xml:9:9-38
	android:theme
		ADDED from src\main\AndroidManifest.xml:10:9-67
activity#org.opencv.samples.tutorial2.Tutorial2Activity
ADDED from src\main\AndroidManifest.xml:12:9-20:20
	android:screenOrientation
		ADDED from src\main\AndroidManifest.xml:14:19-55
	android:label
		ADDED from src\main\AndroidManifest.xml:13:19-51
	android:configChanges
		ADDED from src\main\AndroidManifest.xml:15:19-69
	android:name
		ADDED from src\main\AndroidManifest.xml:12:19-51
intent-filter#android.intent.action.MAIN+android.intent.category.LAUNCHER
ADDED from src\main\AndroidManifest.xml:16:13-19:29
action#android.intent.action.MAIN
ADDED from src\main\AndroidManifest.xml:17:17-69
	android:name
		ADDED from src\main\AndroidManifest.xml:17:25-66
category#android.intent.category.LAUNCHER
ADDED from src\main\AndroidManifest.xml:18:17-77
	android:name
		ADDED from src\main\AndroidManifest.xml:18:27-74
supports-screens
ADDED from src\main\AndroidManifest.xml:23:5-27:51
	android:largeScreens
		ADDED from src\main\AndroidManifest.xml:26:23-50
	android:smallScreens
		ADDED from src\main\AndroidManifest.xml:24:23-50
	android:normalScreens
		ADDED from src\main\AndroidManifest.xml:25:23-51
	android:resizeable
		ADDED from src\main\AndroidManifest.xml:23:23-48
	android:anyDensity
		ADDED from src\main\AndroidManifest.xml:27:23-48
uses-sdk
ADDED from src\main\AndroidManifest.xml:29:5-43
MERGED from [ImageProDemo:openCVLibrary310:unspecified] AndroidManifest.xml:7:5-9:41
	android:targetSdkVersion
		INJECTED from src\main\AndroidManifest.xml
		INJECTED from src\main\AndroidManifest.xml
	android:minSdkVersion
		ADDED from src\main\AndroidManifest.xml:29:15-40
		INJECTED from src\main\AndroidManifest.xml
		INJECTED from src\main\AndroidManifest.xml